[    0.000000] Linux version 4.15.0-212-generic (buildd@lcy02-amd64-083) (gcc version 7.5.0 (Ubuntu 7.5.0-3ubuntu1~18.04)) #223-Ubuntu SMP Tue May 23 13:09:22 UTC 2023 (Ubuntu 4.15.0-212.223-generic 4.15.18)
[    0.000000] Command line: BOOT_IMAGE=/boot/vmlinuz-4.15.0-212-generic root=LABEL=cloudimg-rootfs ro console=tty1 console=ttyS0
[    0.000000] KERNEL supported cpus:
[    0.000000]   Intel GenuineIntel
[    0.000000]   AMD AuthenticAMD
[    0.000000]   Centaur CentaurHauls
[    0.000000] x86/fpu: x87 FPU will use FXSAVE
[    0.000000] e820: BIOS-provided physical RAM map:
[    0.000000] BIOS-e820: [mem 0x0000000000000000-0x000000000009fbff] usable
[    0.000000] BIOS-e820: [mem 0x000000000009fc00-0x000000000009ffff] reserved
[    0.000000] BIOS-e820: [mem 0x00000000000f0000-0x00000000000fffff] reserved
[    0.000000] BIOS-e820: [mem 0x0000000000100000-0x000000003ffeffff] usable
[    0.000000] BIOS-e820: [mem 0x000000003fff0000-0x000000003fffffff] ACPI data
[    0.000000] BIOS-e820: [mem 0x00000000fec00000-0x00000000fec00fff] reserved
[    0.000000] BIOS-e820: [mem 0x00000000fee00000-0x00000000fee00fff] reserved
[    0.000000] BIOS-e820: [mem 0x00000000fffc0000-0x00000000ffffffff] reserved
[    0.000000] NX (Execute Disable) protection: active
[    0.000000] SMBIOS 2.5 present.
[    0.000000] DMI: innotek GmbH VirtualBox/VirtualBox, BIOS VirtualBox 12/01/2006
[    0.000000] Hypervisor detected: KVM
[    0.000000] e820: last_pfn = 0x3fff0 max_arch_pfn = 0x400000000
[    0.000000] MTRR: Disabled
[    0.000000] x86/PAT: MTRRs disabled, skipping PAT initialization too.
[    0.000000] CPU MTRRs all blank - virtualized system.
[    0.000000] x86/PAT: Configuration [0-7]: WB  WT  UC- UC  WB  WT  UC- UC  
[    0.000000] found SMP MP-table at [mem 0x0009fff0-0x0009ffff]
[    0.000000] Scanning 1 areas for low memory corruption
[    0.000000] RAMDISK: [mem 0x359cb000-0x36cdcfff]
[    0.000000] ACPI: Early table checksum verification disabled
[    0.000000] ACPI: RSDP 0x00000000000E0000 000024 (v02 VBOX  )
[    0.000000] ACPI: XSDT 0x000000003FFF0030 00003C (v01 VBOX   VBOXXSDT 00000001 ASL  00000061)
[    0.000000] ACPI: FACP 0x000000003FFF00F0 0000F4 (v04 VBOX   VBOXFACP 00000001 ASL  00000061)
[    0.000000] ACPI: DSDT 0x000000003FFF0610 002353 (v02 VBOX   VBOXBIOS 00000002 INTL 20100528)
[    0.000000] ACPI: FACS 0x000000003FFF0200 000040
[    0.000000] ACPI: FACS 0x000000003FFF0200 000040
[    0.000000] ACPI: APIC 0x000000003FFF0240 00005C (v02 VBOX   VBOXAPIC 00000001 ASL  00000061)
[    0.000000] ACPI: SSDT 0x000000003FFF02A0 00036C (v01 VBOX   VBOXCPUT 00000002 INTL 20100528)
[    0.000000] ACPI: Reserving FACP table memory at [mem 0x3fff00f0-0x3fff01e3]
[    0.000000] ACPI: Reserving DSDT table memory at [mem 0x3fff0610-0x3fff2962]
[    0.000000] ACPI: Reserving FACS table memory at [mem 0x3fff0200-0x3fff023f]
[    0.000000] ACPI: Reserving FACS table memory at [mem 0x3fff0200-0x3fff023f]
[    0.000000] ACPI: Reserving APIC table memory at [mem 0x3fff0240-0x3fff029b]
[    0.000000] ACPI: Reserving SSDT table memory at [mem 0x3fff02a0-0x3fff060b]
[    0.000000] No NUMA configuration found
[    0.000000] Faking a node at [mem 0x0000000000000000-0x000000003ffeffff]
[    0.000000] NODE_DATA(0) allocated [mem 0x3ffc5000-0x3ffeffff]
[    0.000000] kvm-clock: cpu 0, msr 0:3ff44001, primary cpu clock
[    0.000000] kvm-clock: Using msrs 4b564d01 and 4b564d00
[    0.000000] kvm-clock: using sched offset of 4024465111 cycles
[    0.000000] clocksource: kvm-clock: mask: 0xffffffffffffffff max_cycles: 0x1cd42e4dffb, max_idle_ns: 881590591483 ns
[    0.000000] Zone ranges:
[    0.000000]   DMA      [mem 0x0000000000001000-0x0000000000ffffff]
[    0.000000]   DMA32    [mem 0x0000000001000000-0x000000003ffeffff]
[    0.000000]   Normal   empty
[    0.000000]   Device   empty
[    0.000000] Movable zone start for each node
[    0.000000] Early memory node ranges
[    0.000000]   node   0: [mem 0x0000000000001000-0x000000000009efff]
[    0.000000]   node   0: [mem 0x0000000000100000-0x000000003ffeffff]
[    0.000000] Reserved but unavailable: 104 pages
[    0.000000] Initmem setup node 0 [mem 0x0000000000001000-0x000000003ffeffff]
[    0.000000] ACPI: PM-Timer IO Port: 0x4008
[    0.000000] IOAPIC[0]: apic_id 2, version 32, address 0xfec00000, GSI 0-23
[    0.000000] ACPI: INT_SRC_OVR (bus 0 bus_irq 0 global_irq 2 dfl dfl)
[    0.000000] ACPI: INT_SRC_OVR (bus 0 bus_irq 9 global_irq 9 low level)
[    0.000000] Using ACPI (MADT) for SMP configuration information
[    0.000000] smpboot: Allowing 2 CPUs, 0 hotplug CPUs
[    0.000000] PM: Registered nosave memory: [mem 0x00000000-0x00000fff]
[    0.000000] PM: Registered nosave memory: [mem 0x0009f000-0x0009ffff]
[    0.000000] PM: Registered nosave memory: [mem 0x000a0000-0x000effff]
[    0.000000] PM: Registered nosave memory: [mem 0x000f0000-0x000fffff]
[    0.000000] e820: [mem 0x40000000-0xfebfffff] available for PCI devices
[    0.000000] Booting paravirtualized kernel on KVM
[    0.000000] clocksource: refined-jiffies: mask: 0xffffffff max_cycles: 0xffffffff, max_idle_ns: 7645519600211568 ns
[    0.000000] setup_percpu: NR_CPUS:8192 nr_cpumask_bits:2 nr_cpu_ids:2 nr_node_ids:1
[    0.000000] percpu: Embedded 50 pages/cpu s167936 r8192 d28672 u1048576
[    0.000000] PV qspinlock hash table entries: 256 (order: 0, 4096 bytes)
[    0.000000] Built 1 zonelists, mobility grouping on.  Total pages: 257913
[    0.000000] Policy zone: DMA32
[    0.000000] Kernel command line: BOOT_IMAGE=/boot/vmlinuz-4.15.0-212-generic root=LABEL=cloudimg-rootfs ro console=tty1 console=ttyS0
[    0.000000] Memory: 982644K/1048120K available (12300K kernel code, 2477K rwdata, 4324K rodata, 2480K init, 2720K bss, 65476K reserved, 0K cma-reserved)
[    0.000000] SLUB: HWalign=64, Order=0-3, MinObjects=0, CPUs=2, Nodes=1
[    0.000000] ftrace: allocating 39508 entries in 155 pages
[    0.004000] Hierarchical RCU implementation.
[    0.004000] 	RCU restricting CPUs from NR_CPUS=8192 to nr_cpu_ids=2.
[    0.004000] 	Tasks RCU enabled.
[    0.004000] RCU: Adjusting geometry for rcu_fanout_leaf=16, nr_cpu_ids=2
[    0.004000] NR_IRQS: 524544, nr_irqs: 440, preallocated irqs: 16
[    0.004000] random: crng init done
[    0.004000] Console: colour VGA+ 80x25
[    0.004000] console [tty1] enabled
[    0.004000] console [ttyS0] enabled
[    0.004000] ACPI: Core revision 20170831
[    0.004000] ACPI: 2 ACPI AML tables successfully acquired and loaded
[    0.004000] APIC: Switch to symmetric I/O mode setup
[    0.004000] ..TIMER: vector=0x30 apic1=0 pin1=2 apic2=-1 pin2=-1
[    0.004000] tsc: Detected 2611.200 MHz processor
[    0.004000] Calibrating delay loop (skipped) preset value.. 5222.40 BogoMIPS (lpj=10444800)
[    0.004000] pid_max: default: 32768 minimum: 301
[    0.004000] Security Framework initialized
[    0.004000] Yama: becoming mindful.
[    0.004149] AppArmor: AppArmor initialized
[    0.014707] Dentry cache hash table entries: 131072 (order: 8, 1048576 bytes)
[    0.021207] Inode-cache hash table entries: 65536 (order: 7, 524288 bytes)
[    0.024121] Mount-cache hash table entries: 2048 (order: 2, 16384 bytes)
[    0.028121] Mountpoint-cache hash table entries: 2048 (order: 2, 16384 bytes)
[    0.036133] Last level iTLB entries: 4KB 0, 2MB 0, 4MB 0
[    0.040004] Last level dTLB entries: 4KB 0, 2MB 0, 4MB 0, 1GB 0
[    0.044012] Spectre V1 : Mitigation: usercopy/swapgs barriers and __user pointer sanitization
[    0.052006] Spectre V2 : Mitigation: Enhanced IBRS
[    0.056007] Spectre V2 : Spectre v2 / SpectreRSB mitigation: Filling RSB on context switch
[    0.060008] Spectre V2 : Spectre v2 / PBRSB-eIBRS: Retire a single CALL on VMEXIT
[    0.064007] RETBleed: Mitigation: Enhanced IBRS
[    0.068007] Speculative Store Bypass: Vulnerable
[    0.072284] Freeing SMP alternatives memory: 36K
[    0.200004] APIC calibration not consistent with PM-Timer: 104ms instead of 100ms
[    0.204000] APIC delta adjusted to PM-Timer: 6387824 (6647225)
[    0.204567] smpboot: CPU0: 13th Gen Intel(R) Core(TM) i5-13420H (family: 0x6, model: 0xba, stepping: 0x2)
[    0.208577] Performance Events: unsupported p6 CPU model 186 no PMU driver, software events only.
[    0.212202] Hierarchical SRCU implementation.
[    0.216634] NMI watchdog: Perf event create on CPU 0 failed with -2
[    0.220007] NMI watchdog: Perf NMI watchdog permanently disabled
[    0.228423] smp: Bringing up secondary CPUs ...
[    0.232764] x86: Booting SMP configuration:
[    0.236006] .... node  #0, CPUs:      #1
[    0.004000] kvm-clock: cpu 1, msr 0:3ff44041, secondary cpu clock
[    0.251213] TSC synchronization [CPU#0 -> CPU#1]:
[    0.252000] Measured 100052 cycles TSC warp between CPUs, turning off TSC clock.
[    0.252000] tsc: Marking TSC unstable due to check_tsc_sync_source failed
[    0.256314] smp: Brought up 1 node, 2 CPUs
[    0.260013] smpboot: Max logical packages: 1
[    0.264005] smpboot: Total of 2 processors activated (10444.80 BogoMIPS)
[    0.268766] devtmpfs: initialized
[    0.272153] x86/mm: Memory block size: 128MB
[    0.276382] evm: security.selinux
[    0.280005] evm: security.SMACK64
[    0.284003] evm: security.SMACK64EXEC
[    0.288005] evm: security.SMACK64TRANSMUTE
[    0.292004] evm: security.SMACK64MMAP
[    0.296004] evm: security.apparmor
[    0.300004] evm: security.ima
[    0.304004] evm: security.capability
[    0.308525] clocksource: jiffies: mask: 0xffffffff max_cycles: 0xffffffff, max_idle_ns: 7645041785100000 ns
[    0.312026] futex hash table entries: 512 (order: 3, 32768 bytes)
[    0.316238] pinctrl core: initialized pinctrl subsystem
[    0.320481] RTC time:  4:36:37, date: 09/11/24
[    0.329162] NET: Registered protocol family 16
[    0.332146] audit: initializing netlink subsys (disabled)
[    0.340166] audit: type=2000 audit(1726029402.117:1): state=initialized audit_enabled=0 res=1
[    0.348014] cpuidle: using governor ladder
[    0.352015] cpuidle: using governor menu
[    0.356145] ACPI: bus type PCI registered
[    0.360006] acpiphp: ACPI Hot Plug PCI Controller Driver version: 0.5
[    0.364465] PCI: Using configuration type 1 for base access
[    0.376421] HugeTLB registered 2.00 MiB page size, pre-allocated 0 pages
[    0.384319] ACPI: Added _OSI(Module Device)
[    0.388013] ACPI: Added _OSI(Processor Device)
[    0.392007] ACPI: Added _OSI(3.0 _SCP Extensions)
[    0.396009] ACPI: Added _OSI(Processor Aggregator Device)
[    0.400008] ACPI: Added _OSI(Linux-Dell-Video)
[    0.403648] ACPI: Added _OSI(Linux-Lenovo-NV-HDMI-Audio)
[    0.404006] ACPI: Added _OSI(Linux-HPI-Hybrid-Graphics)
[    0.408845] ACPI: Executed 1 blocks of module-level executable AML code
[    0.419208] ACPI: Interpreter enabled
[    0.420033] ACPI: (supports S0 S5)
[    0.424007] ACPI: Using IOAPIC for interrupt routing
[    0.428537] PCI: Using host bridge windows from ACPI; if necessary, use "pci=nocrs" and report a bug
[    0.432271] ACPI: Enabled 2 GPEs in block 00 to 07
[    0.448421] ACPI: PCI Root Bridge [PCI0] (domain 0000 [bus 00-ff])
[    0.452017] acpi PNP0A03:00: _OSC: OS supports [ASPM ClockPM Segments MSI]
[    0.460823] acpi PNP0A03:00: _OSC: not requesting OS control; OS requires [ExtendedConfig ASPM ClockPM MSI]
[    0.464022] acpi PNP0A03:00: fail to add MMCONFIG information, can't access extended PCI configuration space under this bridge.
[    0.468996] PCI host bridge to bus 0000:00
[    0.472010] pci_bus 0000:00: root bus resource [io  0x0000-0x0cf7 window]
[    0.476008] pci_bus 0000:00: root bus resource [io  0x0d00-0xffff window]
[    0.480005] pci_bus 0000:00: root bus resource [mem 0x000a0000-0x000bffff window]
[    0.484010] pci_bus 0000:00: root bus resource [mem 0x40000000-0xfdffffff window]
[    0.488009] pci_bus 0000:00: root bus resource [bus 00-ff]
[    0.499242] pci 0000:00:01.1: legacy IDE quirk: reg 0x10: [io  0x01f0-0x01f7]
[    0.500008] pci 0000:00:01.1: legacy IDE quirk: reg 0x14: [io  0x03f6]
[    0.504009] pci 0000:00:01.1: legacy IDE quirk: reg 0x18: [io  0x0170-0x0177]
[    0.508011] pci 0000:00:01.1: legacy IDE quirk: reg 0x1c: [io  0x0376]
[    0.538391] pci 0000:00:07.0: quirk: [io  0x4000-0x403f] claimed by PIIX4 ACPI
[    0.540037] pci 0000:00:07.0: quirk: [io  0x4100-0x410f] claimed by PIIX4 SMB
[    0.554943] ACPI: PCI Interrupt Link [LNKA] (IRQs 5 9 10 *11)
[    0.556763] ACPI: PCI Interrupt Link [LNKB] (IRQs 5 9 *10 11)
[    0.560205] ACPI: PCI Interrupt Link [LNKC] (IRQs 5 *9 10 11)
[    0.564196] ACPI: PCI Interrupt Link [LNKD] (IRQs 5 9 10 *11)
[    0.568999] SCSI subsystem initialized
[    0.572237] pci 0000:00:02.0: vgaarb: setting as boot VGA device
[    0.576000] pci 0000:00:02.0: vgaarb: VGA device added: decodes=io+mem,owns=io+mem,locks=none
[    0.576011] pci 0000:00:02.0: vgaarb: bridge control possible
[    0.580006] vgaarb: loaded
[    0.582595] ACPI: bus type USB registered
[    0.584034] usbcore: registered new interface driver usbfs
[    0.588059] usbcore: registered new interface driver hub
[    0.592025] usbcore: registered new device driver usb
[    0.600373] EDAC MC: Ver: 3.0.0
[    0.604746] PCI: Using ACPI for IRQ routing
[    0.608991] NetLabel: Initializing
[    0.612005] NetLabel:  domain hash size = 128
[    0.615950] NetLabel:  protocols = UNLABELED CIPSOv4 CALIPSO
[    0.616043] NetLabel:  unlabeled traffic allowed by default
[    0.620445] clocksource: Switched to clocksource kvm-clock
[    0.647864] VFS: Disk quotas dquot_6.6.0
[    0.647864] VFS: Dquot-cache hash table entries: 512 (order 0, 4096 bytes)
[    0.647864] AppArmor: AppArmor Filesystem Enabled
[    0.647864] pnp: PnP ACPI init
[    0.647864] pnp: PnP ACPI: found 3 devices
[    0.735489] clocksource: acpi_pm: mask: 0xffffff max_cycles: 0xffffff, max_idle_ns: 2085701024 ns
[    0.736910] NET: Registered protocol family 2
[    0.736910] IP idents hash table entries: 16384 (order: 5, 131072 bytes)
[    0.755785] TCP established hash table entries: 8192 (order: 4, 65536 bytes)
[    0.764413] TCP bind hash table entries: 8192 (order: 5, 131072 bytes)
[    0.770063] TCP: Hash tables configured (established 8192 bind 8192)
[    0.773649] UDP hash table entries: 512 (order: 2, 16384 bytes)
[    0.773649] UDP-Lite hash table entries: 512 (order: 2, 16384 bytes)
[    0.773649] NET: Registered protocol family 1
[    0.773649] pci 0000:00:00.0: Limiting direct PCI/PCI transfers
[    0.773649] pci 0000:00:01.0: Activating ISA DMA hang workarounds
[    0.773649] pci 0000:00:02.0: Video device with shadowed ROM at [mem 0x000c0000-0x000dffff]
[    0.773649] Unpacking initramfs...
[    1.335274] Freeing initrd memory: 19528K
[    1.339187] clocksource: tsc: mask: 0xffffffffffffffff max_cycles: 0x25a39079a08, max_idle_ns: 440795310461 ns
[    1.348369] platform rtc_cmos: registered platform RTC device (no PNP device found)
[    1.355737] Scanning for low memory corruption every 60 seconds
[    1.363773] Initialise system trusted keyrings
[    1.368632] Key type blacklist registered
[    1.373427] workingset: timestamp_bits=36 max_order=18 bucket_order=0
[    1.381832] zbud: loaded
[    1.385935] squashfs: version 4.0 (2009/01/31) Phillip Lougher
[    1.392919] fuse init (API version 7.26)
[    1.419213] Key type asymmetric registered
[    1.423382] Asymmetric key parser 'x509' registered
[    1.427447] Block layer SCSI generic (bsg) driver version 0.4 loaded (major 246)
[    1.433527] io scheduler noop registered
[    1.437359] io scheduler deadline registered
[    1.441868] io scheduler cfq registered (default)
[    1.446419] ACPI: AC Adapter [AC] (off-line)
[    1.450922] input: Power Button as /devices/LNXSYSTM:00/LNXPWRBN:00/input/input0
[    1.458021] ACPI: Power Button [PWRF]
[    1.462853] input: Sleep Button as /devices/LNXSYSTM:00/LNXSLPBN:00/input/input1
[    1.469683] ACPI: Sleep Button [SLPF]
[    1.475705] ACPI: Battery Slot [BAT0] (battery present)
[    1.476452] Serial: 8250/16550 driver, 32 ports, IRQ sharing enabled
[    1.517362] 00:02: ttyS0 at I/O 0x3f8 (irq = 4, base_baud = 115200) is a 16550A
[    1.526942] Linux agpgart interface v0.103
[    1.536582] loop: module loaded
[    1.542980] scsi host0: ata_piix
[    1.548543] scsi host1: ata_piix
[    1.553013] ata1: PATA max UDMA/33 cmd 0x1f0 ctl 0x3f6 bmdma 0xd000 irq 14
[    1.559029] ata2: PATA max UDMA/33 cmd 0x170 ctl 0x376 bmdma 0xd008 irq 15
[    1.566457] tun: Universal TUN/TAP device driver, 1.6
[    1.572348] PPP generic driver version 2.4.2
[    1.578533] ehci_hcd: USB 2.0 'Enhanced' Host Controller (EHCI) Driver
[    1.584032] ehci-pci: EHCI PCI platform driver
[    1.588334] ehci-platform: EHCI generic platform driver
[    1.593769] ohci_hcd: USB 1.1 'Open' Host Controller (OHCI) Driver
[    1.599074] ohci-pci: OHCI PCI platform driver
[    1.602986] ohci-platform: OHCI generic platform driver
[    1.608962] uhci_hcd: USB Universal Host Controller Interface driver
[    1.615813] i8042: PNP: PS/2 Controller [PNP0303:PS2K,PNP0f03:PS2M] at 0x60,0x64 irq 1,12
[    1.627290] serio: i8042 KBD port at 0x60,0x64 irq 1
[    1.632100] serio: i8042 AUX port at 0x60,0x64 irq 12
[    1.637615] mousedev: PS/2 mouse device common for all mice
[    1.645890] input: AT Translated Set 2 keyboard as /devices/platform/i8042/serio0/input/input2
[    1.657685] rtc_cmos rtc_cmos: rtc core: registered rtc_cmos as rtc0
[    1.662682] rtc_cmos rtc_cmos: alarms up to one day, 114 bytes nvram
[    1.666214] i2c /dev entries driver
[    1.666214] device-mapper: uevent: version 1.0.3
[    1.674994] device-mapper: ioctl: 4.37.0-ioctl (2017-09-20) initialised: dm-devel@redhat.com
[    1.683155] ledtrig-cpu: registered to indicate activity on CPUs
[    1.692691] NET: Registered protocol family 10
[    1.709121] Segment Routing with IPv6
[    1.712077] NET: Registered protocol family 17
[    1.716393] Key type dns_resolver registered
[    1.722010] mce: Using 0 MCE banks
[    1.728794] RAS: Correctable Errors collector initialized.
[    1.733405] sched_clock: Marking stable (1733336783, 0)->(2632996938, -899660155)
[    1.789107] registered taskstats version 1
[    1.793069] Loading compiled-in X.509 certificates
[    1.803943] Loaded X.509 cert 'Build time autogenerated kernel key: b5b26778eaa3ab3a4a6cee031137706e947d12ad'
[    1.814628] Loaded X.509 cert 'Canonical Ltd. Live Patch Signing: 14df34d1a87cf37625abec039ef2bf521249b969'
[    1.824999] Loaded X.509 cert 'Canonical Ltd. Kernel Module Signing: 88f752e560a1e0737e31163a466ad7b70a850c19'
[    1.834721] blacklist: Loading compiled-in revocation X.509 certificates
[    1.840590] Loaded X.509 cert 'Canonical Ltd. Secure Boot Signing: 61482aa2830d0ab2ad5af10b7250da9033ddcef0'
[    1.848871] Loaded X.509 cert 'Canonical Ltd. Secure Boot Signing (2017): 242ade75ac4a15e50d50c84b0d45ff3eae707a03'
[    1.858101] Loaded X.509 cert 'Canonical Ltd. Secure Boot Signing (ESM 2018): 365188c1d374d6b07c3c8f240f8ef722433d6a8b'
[    1.868750] Loaded X.509 cert 'Canonical Ltd. Secure Boot Signing (2019): c0746fd6c5da3ae827864651ad66ae47fe24b3e8'
[    1.878348] Loaded X.509 cert 'Canonical Ltd. Secure Boot Signing (2021 v1): a8d54bbb3825cfb94fa13c9f8a594a195c107b8d'
[    1.889077] Loaded X.509 cert 'Canonical Ltd. Secure Boot Signing (2021 v2): 4cf046892d6fd3c9a5b03f98d845f90851dc6a8c'
[    1.898896] Loaded X.509 cert 'Canonical Ltd. Secure Boot Signing (2021 v3): 100437bb6de6e469b581e61cd66bce3ef4ed53af'
[    1.907290] Loaded X.509 cert 'Canonical Ltd. Secure Boot Signing (Ubuntu Core 2019): c1d57b8f6b743f23ee41f4f7ee292f06eecadfb9'
[    1.918504] zswap: loaded using pool lzo/zbud
[    1.936242] Key type big_key registered
[    1.939721] Key type trusted registered
[    1.949268] Key type encrypted registered
[    1.954039] AppArmor: AppArmor sha1 policy hashing enabled
[    1.958562] ima: No TPM chip found, activating TPM-bypass! (rc=-19)
[    1.964685] ima: Allocated hash algorithm: sha1
[    1.969767] evm: HMAC attrs: 0x1
[    1.974325]   Magic number: 8:846:615
[    1.978720] misc tun: hash matches
[    1.982931] rtc_cmos rtc_cmos: setting system clock to 2024-09-11 04:36:38 UTC (1726029398)
[    1.992847] BIOS EDD facility v0.16 2004-Jun-25, 0 devices found
[    1.998233] EDD information not available.
[    2.005760] Freeing unused kernel image memory: 2480K
[    2.028650] Write protecting the kernel read-only data: 20480k
[    2.035219] Freeing unused kernel image memory: 2008K
[    2.041018] Freeing unused kernel image memory: 1820K
[    2.051353] x86/mm: Checked W+X mappings: passed, no W+X pages found.
Loading, please wait...
starting version 237
[    2.206177] e1000: Intel(R) PRO/1000 Network Driver - version 7.3.21-k8-NAPI
[    2.222787] e1000: Copyright (c) 1999-2006 Intel Corporation.
[    2.252113] Fusion MPT base driver 3.04.20
[    2.262297] Copyright (c) 1999-2008 LSI Corporation
[    2.311499] SSE version of gcm_enc/dec engaged.
[    2.345291] Fusion MPT SPI Host driver 3.04.20
[    2.615466] input: ImExPS/2 Generic Explorer Mouse as /devices/platform/i8042/serio1/input/input4
[    3.473123] e1000 0000:00:03.0 eth0: (PCI:33MHz:32-bit) 02:3b:7b:b7:3b:2d
[    3.485020] e1000 0000:00:03.0 eth0: Intel(R) PRO/1000 Network Connection
[    3.496948] mptbase: ioc0: Initiating bringup
[    3.997226] ioc0: LSI53C1030 A0: Capabilities={Initiator}
[    4.472806] scsi host2: ioc0: LSI53C1030 A0, FwRev=00000000h, Ports=1, MaxQ=256, IRQ=20
[    5.482539] scsi 2:0:0:0: Direct-Access     VBOX     HARDDISK         1.0  PQ: 0 ANSI: 5
[    6.517782] scsi target2:0:0: Beginning Domain Validation
[    6.542257] scsi target2:0:0: Domain Validation skipping write tests
[    6.552310] scsi target2:0:0: Ending Domain Validation
[    6.559956] scsi target2:0:0: asynchronous
[    6.570295] scsi 2:0:1:0: Direct-Access     VBOX     HARDDISK         1.0  PQ: 0 ANSI: 5
[    6.948541] scsi target2:0:1: Beginning Domain Validation
[    6.969858] scsi target2:0:1: Domain Validation skipping write tests
[    6.982317] scsi target2:0:1: Ending Domain Validation
[    7.075452] scsi target2:0:1: asynchronous
[    7.127022] sd 2:0:0:0: Attached scsi generic sg0 type 0
[    7.148482] sd 2:0:0:0: [sda] 83886080 512-byte logical blocks: (42.9 GB/40.0 GiB)
[    7.175005] sd 2:0:1:0: [sdb] 20480 512-byte logical blocks: (10.5 MB/10.0 MiB)
[    7.229857] sd 2:0:1:0: Attached scsi generic sg1 type 0
[    7.239091] sd 2:0:1:0: [sdb] Write Protect is off
[    7.246912] sd 2:0:0:0: [sda] Write Protect is off
[    7.255542] sd 2:0:1:0: [sdb] Incomplete mode parameter data
[    7.269920] sd 2:0:1:0: [sdb] Assuming drive cache: write through
[    7.279987] sd 2:0:0:0: [sda] Incomplete mode parameter data
[    7.290677] sd 2:0:0:0: [sda] Assuming drive cache: write through
[    7.310316]  sda: sda1
[    7.322900] sd 2:0:1:0: [sdb] Attached SCSI disk
[    7.334433] sd 2:0:0:0: [sda] Attached SCSI disk
[    7.794636] e1000 0000:00:08.0 eth1: (PCI:33MHz:32-bit) 08:00:27:f8:5e:ca
[    7.809801] e1000 0000:00:08.0 eth1: Intel(R) PRO/1000 Network Connection
[    7.825521] e1000 0000:00:03.0 enp0s3: renamed from eth0
[    7.853238] e1000 0000:00:08.0 enp0s8: renamed from eth1
Begin: Loading essential drivers ... [  159.026213] INFO: rcu_sched self-detected stall on CPU
[  159.028348] INFO: rcu_sched detected stalls on CPUs/tasks:
[  159.032621] 	1-...!: (5 ticks this GP) idle=8c6/140000000000001/0 softirq=885/885 fqs=3 
[  159.048333] 	 (t=36621 jiffies g=-95 c=-96 q=102)
[  159.048461] 	1-...!: (5 ticks this GP) idle=8c6/140000000000001/0 softirq=885/885 fqs=3 
[  159.053133] rcu_sched kthread starved for 36614 jiffies! g18446744073709551521 c18446744073709551520 f0x0 RCU_GP_WAIT_FQS(3) ->state=0x402 ->cpu=0
[  159.059391] 	(detected by 0, t=36621 jiffies, g=-95, c=-96, q=102)
[  159.071342] rcu_sched       I    0     8      2 0x80000000
[  159.076453] Sending NMI from CPU 0 to CPUs 1:
[  159.082648] Call Trace:
[  159.087155] NMI backtrace for cpu 1
[  159.087157] CPU: 1 PID: 271 Comm: modprobe Not tainted 4.15.0-212-generic #223-Ubuntu
[  159.087158] Hardware name: innotek GmbH VirtualBox/VirtualBox, BIOS VirtualBox 12/01/2006
[  159.087158] RIP: 0010:io_serial_in+0x18/0x20
[  159.087159] RSP: 0018:ffffa0f67fd03ad8 EFLAGS: 00010002
[  159.087160] RAX: ffffffff82220b60 RBX: ffffffff83716e60 RCX: 0000000000000000
[  159.087161] RDX: 00000000000003fd RSI: 0000000000000005 RDI: ffffffff83716e60
[  159.087161] RBP: ffffa0f67fd03ad8 R08: 0000000000000000 R09: 0000000000000007
[  159.087162] R10: 0000000000000000 R11: ffffffff8356a80d R12: 0000000000002710
[  159.087162] R13: 0000000000000020 R14: ffffffff8356a801 R15: ffffffff83716e60
[  159.087163] FS:  00007f84c63cd540(0000) GS:ffffa0f67fd00000(0000) knlGS:0000000000000000
[  159.087163] CS:  0010 DS: 0000 ES: 0000 CR0: 0000000080050033
[  159.087164] CR2: 00007f84c63c5d00 CR3: 000000003685c005 CR4: 00000000000206e0
[  159.087164] Call Trace:
[  159.087165]  <IRQ>
[  159.087165]  wait_for_xmitr+0x47/0xb0
[  159.087166]  serial8250_console_putchar+0x1c/0x40
[  159.087166]  ? wait_for_xmitr+0xb0/0xb0
[  159.087166]  uart_console_write+0x4c/0x60
[  159.087167]  serial8250_console_write+0x10a/0x2a0
[  159.087167]  ? msg_print_text+0x80/0x100
[  159.087168]  univ8250_console_write+0x21/0x30
[  159.087168]  console_unlock+0x3cf/0x560
[  159.087168]  vprintk_emit+0x134/0x2c0
[  159.087169]  vprintk_default+0x29/0x50
[  159.087169]  vprintk_func+0x47/0xc0
[  159.087169]  printk+0x52/0x6e
[  159.087170]  show_trace_log_lvl+0x8c/0x3d0
[  159.087170]  ? vprintk_default+0x29/0x50
[  159.087170]  ? vprintk_func+0x47/0xc0
[  159.087171]  show_stack+0x34/0x50
[  159.087171]  sched_show_task+0xfe/0x130
[  159.087171]  rcu_check_gp_kthread_starvation+0xad/0xc0
[  159.087172]  rcu_check_callbacks+0x6c5/0x8e0
[  159.087172]  ? tick_sched_do_timer+0x50/0x50
[  159.087172]  update_process_times+0x2f/0x60
[  159.087173]  tick_sched_handle+0x26/0x70
[  159.087173]  ? tick_sched_do_timer+0x42/0x50
[  159.087173]  tick_sched_timer+0x39/0x80
[  159.087174]  __hrtimer_run_queues+0xdf/0x230
[  159.087174]  hrtimer_interrupt+0x97/0x180
[  159.087174]  smp_apic_timer_interrupt+0x6f/0x140
[  159.087175]  apic_timer_interrupt+0x90/0xa0
[  159.087175]  </IRQ>
[  159.087175] RIP: 0010:raid6_sse21_gen_syndrome+0xbe/0x130 [raid6_pq]
[  159.087176] RSP: 0018:ffffb9ce805a3b50 EFLAGS: 00010287 ORIG_RAX: ffffffffffffff11
[  159.087177] RAX: ffffb9ce805a3bb0 RBX: 0000000000001000 RCX: ffffffffc04eb600
[  159.087177] RDX: 0000000000000980 RSI: ffffb9ce805a3c18 RDI: 000000000000000d
[  159.087177] RBP: ffffb9ce805a3b80 R08: ffffb9ce805a3b98 R09: 0000000000000980
[  159.087178] R10: ffffb9ce805a3c10 R11: ffffb9ce805a3c08 R12: ffffa0f6769d8000
[  159.087178] R13: ffffa0f6769d9000 R14: ffffb9ce805a3ba0 R15: 0000000000000080
[  159.087178]  init_module+0x118/0x1000 [raid6_pq]
[  159.087179]  ? 0xffffffffc0403000
[  159.087179]  do_one_initcall+0x52/0x1b0
[  159.087180]  ? _cond_resched+0x19/0x40
[  159.087180]  ? kmem_cache_alloc_trace+0x167/0x1d0
[  159.087180]  ? do_init_module+0x27/0x1f2
[  159.087181]  do_init_module+0x4f/0x1f2
[  159.087181]  load_module+0x1aa7/0x1fd0
[  159.087181]  ? ima_post_read_file+0x96/0xa0
[  159.087182]  SYSC_finit_module+0xfc/0x120
[  159.087182]  ? SYSC_finit_module+0xfc/0x120
[  159.087182]  SyS_finit_module+0xe/0x10
[  159.087183]  do_syscall_64+0x73/0x130
[  159.087183]  entry_SYSCALL_64_after_hwframe+0x59/0xbe
[  159.087183] RIP: 0033:0x7f84c5ed0539
[  159.087183] RSP: 002b:00007ffc75626598 EFLAGS: 00000246 ORIG_RAX: 0000000000000139
[  159.087184] RAX: ffffffffffffffda RBX: 000055a1766f9880 RCX: 00007f84c5ed0539
[  159.087185] RDX: 0000000000000000 RSI: 000055a176168cee RDI: 0000000000000004
[  159.087185] RBP: 000055a176168cee R08: 0000000000000000 R09: 000055a1766f8e00
[  159.087186] R10: 0000000000000004 R11: 0000000000000246 R12: 0000000000000000
[  159.087186] R13: 000055a1766f9830 R14: 0000000000060000 R15: 000055a1766f8e00
[  159.087186] Code: 48 89 e5 d3 e6 48 63 f6 48 03 77 10 8b 06 5d c3 0f 1f 00 0f 1f 44 00 00 0f b6 8f a1 00 00 00 8b 57 08 55 48 89 e5 d3 e6 01 f2 ec <0f> b6 c0 5d c3 0f 1f 00 0f 1f 44 00 00 0f b6 8f a1 00 00 00 89 
[  159.087203] rcu_sched kthread starved for 36614 jiffies! g18446744073709551521 c18446744073709551520 f0x0 RCU_GP_WAIT_FQS(3) ->state=0x402 ->cpu=0
[  159.090280]  __schedule+0x24e/0x890
[  159.093853] rcu_sched       I    0     8      2 0x80000000
[  159.101069]  schedule+0x2c/0x80
[  159.107325] Call Trace:
[  159.112087]  schedule_timeout+0x15d/0x370
[  159.115931]  __schedule+0x24e/0x890
[  159.121832]  ? __next_timer_interrupt+0xe0/0xe0
[  159.126928]  schedule+0x2c/0x80
[  159.133737]  rcu_gp_kthread+0x53a/0x980
[  159.140992]  schedule_timeout+0x15d/0x370
[  159.147034]  kthread+0x121/0x140
[  159.155290]  ? __next_timer_interrupt+0xe0/0xe0
[  159.160516]  ? rcu_note_context_switch+0x150/0x150
[  159.165834]  rcu_gp_kthread+0x53a/0x980
[  159.168911]  ? kthread_create_worker_on_cpu+0x70/0x70
[  159.170727]  kthread+0x121/0x140
[  159.170730]  ? rcu_note_context_switch+0x150/0x150
[  159.170732]  ? kthread_create_worker_on_cpu+0x70/0x70
[  159.170735]  ret_from_fork+0x1f/0x40
[  159.541129]  ret_from_fork+0x1f/0x40
[  159.545619] NMI backtrace for cpu 1
[  159.549151] CPU: 1 PID: 271 Comm: modprobe Not tainted 4.15.0-212-generic #223-Ubuntu
[  159.555941] Hardware name: innotek GmbH VirtualBox/VirtualBox, BIOS VirtualBox 12/01/2006
[  159.562577] Call Trace:
[  159.564725]  <IRQ>
[  159.567193]  dump_stack+0x6d/0x8b
[  159.569963]  nmi_cpu_backtrace+0x94/0xa0
[  159.573505]  ? lapic_can_unplug_cpu+0xb0/0xb0
[  159.577827]  nmi_trigger_cpumask_backtrace+0xe7/0x130
[  159.582413]  arch_trigger_cpumask_backtrace+0x19/0x20
[  159.587861]  rcu_dump_cpu_stacks+0xa3/0xd5
[  159.591468]  rcu_check_callbacks+0x6cd/0x8e0
[  159.595421]  ? tick_sched_do_timer+0x50/0x50
[  159.599519]  update_process_times+0x2f/0x60
[  159.603387]  tick_sched_handle+0x26/0x70
[  159.607581]  ? tick_sched_do_timer+0x42/0x50
[  159.611640]  tick_sched_timer+0x39/0x80
[  159.615209]  __hrtimer_run_queues+0xdf/0x230
[  159.619142]  hrtimer_interrupt+0x97/0x180
[  159.623387]  smp_apic_timer_interrupt+0x6f/0x140
[  159.627672]  apic_timer_interrupt+0x90/0xa0
[  159.632709]  </IRQ>
[  159.635007] RIP: 0010:raid6_sse21_gen_syndrome+0xbe/0x130 [raid6_pq]
[  159.640597] RSP: 0018:ffffb9ce805a3b50 EFLAGS: 00010287 ORIG_RAX: ffffffffffffff11
[  159.646688] RAX: ffffb9ce805a3bb0 RBX: 0000000000001000 RCX: ffffffffc04eb600
[  159.653038] RDX: 0000000000000980 RSI: ffffb9ce805a3c18 RDI: 000000000000000d
[  159.659659] RBP: ffffb9ce805a3b80 R08: ffffb9ce805a3b98 R09: 0000000000000980
[  159.665281] R10: ffffb9ce805a3c10 R11: ffffb9ce805a3c08 R12: ffffa0f6769d8000
[  159.671618] R13: ffffa0f6769d9000 R14: ffffb9ce805a3ba0 R15: 0000000000000080
[  159.678480]  init_module+0x118/0x1000 [raid6_pq]
[  159.682496]  ? 0xffffffffc0403000
[  159.685755]  do_one_initcall+0x52/0x1b0
[  159.690165]  ? _cond_resched+0x19/0x40
[  159.694493]  ? kmem_cache_alloc_trace+0x167/0x1d0
[  159.699339]  ? do_init_module+0x27/0x1f2
[  159.703000]  do_init_module+0x4f/0x1f2
[  159.707025]  load_module+0x1aa7/0x1fd0
[  159.713324]  ? ima_post_read_file+0x96/0xa0
[  159.716950]  SYSC_finit_module+0xfc/0x120
[  159.720584]  ? SYSC_finit_module+0xfc/0x120
[  159.724953]  SyS_finit_module+0xe/0x10
[  159.728001]  do_syscall_64+0x73/0x130
[  159.731541]  entry_SYSCALL_64_after_hwframe+0x59/0xbe
[  159.737423] RIP: 0033:0x7f84c5ed0539
[  159.740935] RSP: 002b:00007ffc75626598 EFLAGS: 00000246 ORIG_RAX: 0000000000000139
[  159.748667] RAX: ffffffffffffffda RBX: 000055a1766f9880 RCX: 00007f84c5ed0539
[  159.755066] RDX: 0000000000000000 RSI: 000055a176168cee RDI: 0000000000000004
[  159.761543] RBP: 000055a176168cee R08: 0000000000000000 R09: 000055a1766f8e00
[  159.768456] R10: 0000000000000004 R11: 0000000000000246 R12: 0000000000000000
[  159.775648] R13: 000055a1766f9830 R14: 0000000000060000 R15: 000055a1766f8e00
[  159.782146] raid6: sse2x1   gen() 22564587 MB/s
[  159.846158] raid6: sse2x1   xor()  7138 MB/s
[  159.908261] raid6: sse2x2   gen() 14026 MB/s
[  159.960212] raid6: sse2x2   xor()  6110 MB/s
[  160.022097] raid6: sse2x4   gen() 14874 MB/s
[  160.084329] raid6: sse2x4   xor()  8975 MB/s
[  160.089178] raid6: using algorithm sse2x1 gen() 22564587 MB/s
[  160.095037] raid6: .... xor() 7138 MB/s, rmw enabled
[  160.099706] raid6: using ssse3x2 recovery algorithm
[  160.109315] xor: measuring software checksum speed
[  160.152585]    prefetch64-sse: 16760.000 MB/sec
[  160.192920]    generic_sse: 14159.000 MB/sec
[  160.196455] xor: using function: prefetch64-sse (16760.000 MB/sec)
[  160.203839] async_tx: api initialized (async)
done.
Begin: Running /scripts/init-premount ... done.
Begin: Mounting root file system ... Begin: Running /scripts/local-top ... done.
Begin: Running /scripts/local-premount ... [  160.302620] Btrfs loaded, crc32c=crc32c-intel
Scanning for Btrfs filesystems
done.
Warning: fsck not present, so skipping root file system
[  160.368595] EXT4-fs (sda1): INFO: recovery required on readonly filesystem
[  160.375534] EXT4-fs (sda1): write access will be enabled during recovery
[  160.658233] EXT4-fs (sda1): recovery complete
[  160.663504] EXT4-fs (sda1): mounted filesystem with ordered data mode. Opts: (null)
done.
Begin: Running /scripts/local-bottom ... done.
Begin: Running /scripts/init-bottom ... done.
[  160.918883] ip_tables: (C) 2000-2006 Netfilter Core Team
[  160.939508] systemd[1]: systemd 237 running in system mode. (+PAM +AUDIT +SELINUX +IMA +APPARMOR +SMACK +SYSVINIT +UTMP +LIBCRYPTSETUP +GCRYPT +GNUTLS +ACL +XZ +LZ4 +SECCOMP +BLKID +ELFUTILS +KMOD -IDN2 +IDN -PCRE2 default-hierarchy=hybrid)
[  160.959858] systemd[1]: Detected virtualization oracle.
[  160.965383] systemd[1]: Detected architecture x86-64.

Welcome to [1mUbuntu 18.04.6 LTS[0m!

[  161.005328] systemd[1]: Set hostname to <web01>.
[  161.402278] systemd[1]: Created slice System Slice.
[[0;32m  OK  [0m] Created slice System Slice.
[  161.415281] systemd[1]: Listening on Device-mapper event daemon FIFOs.
[[0;32m  OK  [0m] Listening on Device-mapper event daemon FIFOs.
[  161.428062] systemd[1]: Listening on udev Control Socket.
[[0;32m  OK  [0m] Listening on udev Control Socket.
[  161.437918] systemd[1]: Set up automount Arbitrary Executable File Formats File System Automount Point.
[[0;32m  OK  [0m] Set up automount Arbitrary Executab…rmats File System Automount Point.
[  161.460623] systemd[1]: Reached target Swap.
[[0;32m  OK  [0m] Reached target Swap.
[  161.471160] systemd[1]: Listening on /dev/initctl Compatibility Named Pipe.
[[0;32m  OK  [0m] Listening on /dev/initctl Compatibility Named Pipe.
[[0;32m  OK  [0m] Listening on LVM2 poll daemon socket.
[[0;32m  OK  [0m] Listening on udev Kernel Socket.
[[0;32m  OK  [0m] Reached target System Time Synchronized.
[[0;32m  OK  [0m] Listening on Journal Socket.
         Mounting Kernel Debug File System...
         Mounting POSIX Message Queue File System...
         Starting Uncomplicated firewall...
         Mounting Huge Pages File System...
[[0;32m  OK  [0m] Listening on LVM2 metadata daemon socket.
         Starting Monitoring of LVM2 mirrors…ng dmeventd or progress polling...
[[0;32m  OK  [0m] Listening on Journal Socket (/dev/log).
[[0;32m  OK  [0m] Listening on fsck to fsckd communication Socket.
         Starting File System Check on Root Device...
[[0;32m  OK  [0m] Reached target Mounting snaps.
[[0;32m  OK  [0m] Listening on Syslog Socket.
[[0;32m  OK  [0m] Reached target Mounted snaps.
[[0;32m  OK  [0m] Created slice system-serial\x2dgetty.slice.
         Starting udev Coldplug all Devices...
         Starting Create list of required st…ce nodes for the current kernel...
[[0;32m  OK  [0m] Created slice User and Session Slice.
[[0;32m  OK  [0m] Reached target Slices.
[[0;32m  OK  [0m] Started Forward Password Requests to Wall Directory Watch.
[[0;32m  OK  [0m] Reached target User and Group Name Lookups.
[[0;32m  OK  [0m] Listening on Network Service Netlink Socket.
         Starting Set the console keyboard layout...
         Starting Load Kernel Modules...
[[0;32m  OK  [0m] Listening on Journal Audit Socket.
         Starting Journal Service...
[[0;32m  OK  [0m] Mounted Kernel Debug File System.
[[0;32m  OK  [0m] Mounted POSIX Message Queue File System.
[[0;32m  OK  [0m] Started Uncomplicated firewall.
[  161.660087] Loading iSCSI transport class v2.0-870.
[[0;32m  OK  [0m] Mounted Huge Pages File System.
[[0;32m  OK  [0m] Started File System Check on Root Device.
[[0;32m  OK  [0m] Started Create list of required sta…vice nodes for the current kernel.
[[0;32m  OK  [0m] Started File System Check Daemon to report status.
[[0;32m  OK  [0m] Started LVM2 metadata daemon.
         Starting Create Static Device Nodes in /dev...
         Starting Remount Root and Kernel File Systems...
[  161.747574] iscsi: registered transport (tcp)
[[0;32m  OK  [0m] Started udev Coldplug all Devices.
[[0;32m  OK  [0m] Started Journal Service.
[[0;32m  OK  [0m] Started Monitoring of LVM2 mirrors,…sing dmeventd or progress polling.
[[0;32m  OK  [0m] Started Create Static Device Nodes in /dev.
[  161.827326] EXT4-fs (sda1): re-mounted. Opts: (null)
[[0;32m  OK  [0m] Started Remount Root and Kernel File Systems.
         Starting Flush Journal to Persistent Storage...
         Starting Load/Save Random Seed...
         Starting udev Kernel Device Manager...
[  161.866550] systemd-journald[409]: Received request to flush runtime journal from PID 1
[[0;32m  OK  [0m] Started Set the console keyboard layout.
[[0;32m  OK  [0m] Started Load/Save Random Seed.
[[0;32m  OK  [0m] Reached target Local File Systems (Pre).
[[0;32m  OK  [0m] Reached target Local File Systems.
         Starting Tell Plymouth To Write Out Runtime Data...
         Starting ebtables ruleset management...
         Starting Set console font and keymap...
         Starting AppArmor initialization...
[[0;32m  OK  [0m] Started udev Kernel Device Manager.
[[0;32m  OK  [0m] Started Dispatch Password Requests to Console Directory Watch.
[[0;32m  OK  [0m] Reached target Local Encrypted Volumes.
[  161.987014] iscsi: registered transport (iser)
[[0;32m  OK  [0m] Started Load Kernel Modules.
         Mounting FUSE Control File System...
         Mounting Kernel Configuration File System...
         Starting Apply Kernel Variables...
[[0;32m  OK  [0m] Started Tell Plymouth To Write Out Runtime Data.
[[0;32m  OK  [0m] Mounted FUSE Control File System.
[[0;32m  OK  [0m] Mounted Kernel Configuration File System.
[[0;32m  OK  [0m] Started Set console font and keymap.
[[0;32m  OK  [0m] Started Apply Kernel Variables.
[[0;32m  OK  [0m] Started ebtables ruleset management.
[[0;32m  OK  [0m] Started Flush Journal to Persistent Storage.
         Starting Create Volatile Files and Directories...
[[0;32m  OK  [0m] Started Create Volatile Files and Directories.
         Starting Update UTMP about System Boot/Shutdown...
[[0;32m  OK  [0m] Started Update UTMP about System Boot/Shutdown.
[[0;32m  OK  [0m] Found device /dev/ttyS0.
[[0;32m  OK  [0m] Listening on Load/Save RF Kill Switch Status /dev/rfkill Watch.
[[0;32m  OK  [0m] Started AppArmor initialization.
         Starting Initial cloud-init job (pre-networking)...
         Starting Load AppArmor profiles managed internally by snapd...
         Mounting Arbitrary Executable File Formats File System...
[[0;32m  OK  [0m] Mounted Arbitrary Executable File Formats File System.
[[0;32m  OK  [0m] Started Load AppArmor profiles managed internally by snapd.
[  164.905884] cloud-init[552]: Cloud-init v. 23.1.2-0ubuntu0~18.04.1 running 'init-local' at Wed, 11 Sep 2024 04:39:21 +0000. Up 164.70 seconds.
[[0;32m  OK  [0m] Started Initial cloud-init job (pre-networking).
[[0;32m  OK  [0m] Reached target Network (Pre).
         Starting Network Service...
[[0;32m  OK  [0m] Started Network Service.
         Starting Network Name Resolution...
         Starting Wait for Network to be Configured...
[[0;32m  OK  [0m] Started Network Name Resolution.
[[0;32m  OK  [0m] Reached target Host and Network Name Lookups.
[[0;32m  OK  [0m] Reached target Network.
[[0;32m  OK  [0m] Started Wait for Network to be Configured.
         Starting Initial cloud-init job (metadata service crawler)...
[  166.978823] cloud-init[669]: Cloud-init v. 23.1.2-0ubuntu0~18.04.1 running 'init' at Wed, 11 Sep 2024 04:39:23 +0000. Up 166.82 seconds.
[  166.983510] cloud-init[669]: ci-info: ++++++++++++++++++++++++++++++++++++++Net device info+++++++++++++++++++++++++++++++++++++++
[  166.988134] cloud-init[669]: ci-info: +--------+------+-----------------------------+---------------+--------+-------------------+
[  166.992756] cloud-init[669]: ci-info: | Device |  Up  |           Address           |      Mask     | Scope  |     Hw-Address    |
[  166.996860] cloud-init[669]: ci-info: +--------+------+-----------------------------+---------------+--------+-------------------+
[  167.002302] cloud-init[669]: ci-info: | enp0s3 | True |          10.0.2.15          | 255.255.255.0 | global | 02:3b:7b:b7:3b:2d |
[  167.005911] cloud-init[669]: ci-info: | enp0s3 | True |  fe80::3b:7bff:feb7:3b2d/64 |       .       |  link  | 02:3b:7b:b7:3b:2d |
[  167.009299] cloud-init[669]: ci-info: | enp0s8 | True |        192.168.56.11        | 255.255.255.0 | global | 08:00:27:f8:5e:ca |
[  167.012717] cloud-init[669]: ci-info: | enp0s8 | True | fe80::a00:27ff:fef8:5eca/64 |       .       |  link  | 08:00:27:f8:5e:ca |
[  167.016242] cloud-init[669]: ci-info: |   lo   | True |          127.0.0.1          |   255.0.0.0   |  host  |         .         |
[  167.019706] cloud-init[669]: ci-info: |   lo   | True |           ::1/128           |       .       |  host  |         .         |
[  167.023312] cloud-init[669]: ci-info: +--------+------+-----------------------------+---------------+--------+-------------------+
[  167.027778] cloud-init[669]: ci-info: +++++++++++++++++++++++++++++Route IPv4 info+++++++++++++++++++++++++++++
[  167.032929] cloud-init[669]: ci-info: +-------+--------------+----------+-----------------+-----------+-------+
[  167.036054] cloud-init[669]: ci-info: | Route | Destination  | Gateway  |     Genmask     | Interface | Flags |
[  167.039003] cloud-init[669]: ci-info: +-------+--------------+----------+-----------------+-----------+-------+
[  167.042902] cloud-init[669]: ci-info: |   0   |   0.0.0.0    | 10.0.2.2 |     0.0.0.0     |   enp0s3  |   UG  |
[  167.046467] cloud-init[669]: ci-info: |   1   |   10.0.2.0   | 0.0.0.0  |  255.255.255.0  |   enp0s3  |   U   |
[  167.050087] cloud-init[669]: ci-info: |   2   |   10.0.2.2   | 0.0.0.0  | 255.255.255.255 |   enp0s3  |   UH  |
[  167.053347] cloud-init[669]: ci-info: |   3   | 192.168.56.0 | 0.0.0.0  |  255.255.255.0  |   enp0s8  |   U   |
[  167.056446] cloud-init[669]: ci-info: +-------+--------------+----------+-----------------+-----------+-------+
[  167.060081] cloud-init[669]: ci-info: +++++++++++++++++++Route IPv6 info+++++++++++++++++++
[  167.063343] cloud-init[669]: ci-info: +-------+-------------+---------+-----------+-------+
[  167.065998] cloud-init[669]: ci-info: | Route | Destination | Gateway | Interface | Flags |
[  167.069053] cloud-init[669]: ci-info: +-------+-------------+---------+-----------+-------+
[  167.074999] cloud-init[669]: ci-info: |   1   |  fe80::/64  |    ::   |   enp0s8  |   U   |
[  167.079473] cloud-init[669]: ci-info: |   2   |  fe80::/64  |    ::   |   enp0s3  |   U   |
[  167.084786] cloud-init[669]: ci-info: |   4   |    local    |    ::   |   enp0s3  |   U   |
[  167.090538] cloud-init[669]: ci-info: |   5   |    local    |    ::   |   enp0s8  |   U   |
[  167.103523] cloud-init[669]: ci-info: |   6   |   ff00::/8  |    ::   |   enp0s8  |   U   |
[  167.110474] cloud-init[669]: ci-info: |   7   |   ff00::/8  |    ::   |   enp0s3  |   U   |
[  167.116508] cloud-init[669]: ci-info: +-------+-------------+---------+-----------+-------+
[[0;32m  OK  [0m] Started Initial cloud-init job (metadata service crawler).
[[0;32m  OK  [0m] Reached target System Initialization.
[[0;32m  OK  [0m] Listening on Open-iSCSI iscsid Socket.
[[0;32m  OK  [0m] Started Daily Cleanup of Temporary Directories.
[[0;32m  OK  [0m] Started Message of the Day.
[[0;32m  OK  [0m] Started Discard unused blocks once a week.
[[0;32m  OK  [0m] Listening on UUID daemon activation socket.
         Starting Socket activation for snappy daemon.
[[0;32m  OK  [0m] Listening on D-Bus System Message Bus Socket.
         Starting LXD - unix socket.
[[0;32m  OK  [0m] Started Ubuntu Advantage Timer for running repeated jobs.
[[0;32m  OK  [0m] Started Daily apt download activities.
[[0;32m  OK  [0m] Started Daily apt upgrade and clean activities.
[[0;32m  OK  [0m] Listening on cloud-init hotplug hook socket.
[[0;32m  OK  [0m] Reached target Timers.
[[0;32m  OK  [0m] Started ACPI Events Check.
[[0;32m  OK  [0m] Reached target Paths.
[[0;32m  OK  [0m] Listening on ACPID Listen Socket.
[[0;32m  OK  [0m] Reached target Cloud-config availability.
[[0;32m  OK  [0m] Reached target Network is Online.
[[0;32m  OK  [0m] Reached target Remote File Systems (Pre).
         Mounting /vagrant...
         Starting Availability of block devices...
[[0;32m  OK  [0m] Listening on Socket activation for snappy daemon.
[[0;32m  OK  [0m] Listening on LXD - unix socket.
[[0;32m  OK  [0m] Started Availability of block devices.
[[0;32m  OK  [0m] Reached target Sockets.
[[0;32m  OK  [0m] Reached target Basic System.
         Starting Dispatcher daemon for systemd-networkd...
         Starting Login Service...
[[0;32m  OK  [0m] Started D-Bus System Message Bus.
         Starting System Logging Service...
[[0;32m  OK  [0m] Started Regular background program processing daemon.
         Starting Virtualbox guest utils...
         Starting LSB: Record successful boot for GRUB...
[[0;32m  OK  [0m] Started FUSE filesystem for LXC.
         Starting LXD - container startup/shutdown...
         Starting Discard unused blocks...
[[0;32m  OK  [0m] Started Deferred execution scheduler.
         Starting Accounts Service...
[[0;32m  OK  [0m] Reached target Login Prompts (Pre).
         Starting Message of the Day...
         Starting OpenBSD Secure Shell server...
[[0;32m  OK  [0m] Started irqbalance daemon.
         Starting Snap Daemon...
[[0;32m  OK  [0m] Started System Logging Service.
[[0;32m  OK  [0m] Mounted /vagrant.
[[0;32m  OK  [0m] Started Discard unused blocks.
[[0;32m  OK  [0m] Started Login Service.
         Starting Authorization Manager...
[[0;32m  OK  [0m] Started Unattended Upgrades Shutdown.
[[0;32m  OK  [0m] Reached target Remote File Systems.
         Starting Permit User Sessions...
         Starting LSB: automatic crash report generation...
[[0;32m  OK  [0m] Started OpenBSD Secure Shell server.
[[0;32m  OK  [0m] Started Permit User Sessions.
         Starting Hold until boot process finishes up...
         Starting Terminate Plymouth Boot Screen...
[[0;32m  OK  [0m] Started Hold until boot process finishes up.
[[0;32m  OK  [0m] Started Serial Getty on ttyS0.
         Starting Set console scheme...
[[0;32m  OK  [0m] Started Terminate Plymouth Boot Screen.
[[0;32m  OK  [0m] Started Set console scheme.
[[0;32m  OK  [0m] Created slice system-getty.slice.
[[0;32m  OK  [0m] Started Getty on tty1.
[[0;32m  OK  [0m] Reached target Login Prompts.
[[0;32m  OK  [0m] Started LSB: Record successful boot for GRUB.
[[0;32m  OK  [0m] Started Authorization Manager.
[[0;32m  OK  [0m] Started Accounts Service.
[[0;32m  OK  [0m] Started LXD - container startup/shutdown.
[[0;32m  OK  [0m] Started LSB: automatic crash report generation.
[[0;32m  OK  [0m] Started Dispatcher daemon for systemd-networkd.
[[0;32m  OK  [0m] Started Virtualbox guest utils.
[[0;32m  OK  [0m] Started Snap Daemon.
         Starting Wait until snapd is fully seeded...
         Starting Time & Date Service...
[[0;32m  OK  [0m] Started Time & Date Service.
[[0;32m  OK  [0m] Started Wait until snapd is fully seeded.
         Starting Apply the settings specified in cloud-config...
[  170.211828] cloud-init[1109]: Cloud-init v. 23.1.2-0ubuntu0~18.04.1 running 'modules:config' at Wed, 11 Sep 2024 04:39:26 +0000. Up 170.07 seconds.
[[0;32m  OK  [0m] Started Apply the settings specified in cloud-config.
[[0;32m  OK  [0m] Reached target Multi-User System.
[[0;32m  OK  [0m] Reached target Graphical Interface.
         Starting Update UTMP about System Runlevel Changes...
         Starting Execute cloud user/final scripts...
[[0;32m  OK  [0m] Started Update UTMP about System Runlevel Changes.
[  170.955591] cloud-init[1155]: Cloud-init v. 23.1.2-0ubuntu0~18.04.1 running 'modules:final' at Wed, 11 Sep 2024 04:39:27 +0000. Up 170.80 seconds.
[  170.960679] cloud-init[1155]: Cloud-init v. 23.1.2-0ubuntu0~18.04.1 finished at Wed, 11 Sep 2024 04:39:27 +0000. Datasource DataSourceNoCloud [seed=/dev/sdb][dsmode=net].  Up 170.94 seconds
[[0;32m  OK  [0m] Started Execute cloud user/final scripts.
[[0;32m  OK  [0m] Reached target Cloud-init target.

Ubuntu 18.04.6 LTS web01 ttyS0

web01 login: 